app/build/intermediates/manifest_merge_blame_file/civDebug/processCivDebugMainManifest/manifest-merger-blame-civ-debug-report.txt
1<?xml version="1.0" encoding="utf-8"?>
2<manifest xmlns:android="http://schemas.android.com/apk/res/android"
3    package="com.atakmap.android.helloworld.plugin"
4    android:versionCode="1762326037"
5    android:versionName="1.0 (55c97889) - [5.5.0]" >
6
7    <uses-sdk
8        android:minSdkVersion="21"
9        android:targetSdkVersion="34" />
10
11    <!-- allows for the app to run the notification service -->
12    <uses-permission android:name="android.permission.FOREGROUND_SERVICE" />
12-->src/main/AndroidManifest.xml:5:5-76
12-->src/main/AndroidManifest.xml:5:22-74
13
14    <!-- Android 13 required for posting notifications -->
15    <uses-permission android:name="android.permission.POST_NOTIFICATIONS" />
15-->src/main/AndroidManifest.xml:8:5-77
15-->src/main/AndroidManifest.xml:8:22-74
16
17    <!-- Allow for the app to run independent of battery restrictions -->
18    <uses-permission android:name="android.permission.REQUEST_IGNORE_BATTERY_OPTIMIZATIONS" />
18-->src/main/AndroidManifest.xml:11:5-94
18-->src/main/AndroidManifest.xml:11:22-92
19
20    <!-- Internet permission for WebSocket connection -->
21    <uses-permission android:name="android.permission.INTERNET" />
21-->src/main/AndroidManifest.xml:14:5-66
21-->src/main/AndroidManifest.xml:14:22-64
22    <uses-permission android:name="android.permission.ACCESS_NETWORK_STATE" />
22-->src/main/AndroidManifest.xml:15:5-78
22-->src/main/AndroidManifest.xml:15:22-76
23
24    <application
24-->src/main/AndroidManifest.xml:18:5-110:19
25        android:allowBackup="false"
25-->src/main/AndroidManifest.xml:19:9-36
26        android:debuggable="true"
27        android:description="@string/app_desc"
27-->src/main/AndroidManifest.xml:22:9-47
28        android:extractNativeLibs="true"
29        android:icon="@drawable/ic_launcher"
29-->src/main/AndroidManifest.xml:20:9-45
30        android:label="@string/app_name"
30-->src/main/AndroidManifest.xml:21:9-41
31        android:testOnly="true"
32        android:theme="@style/AppTheme" >
32-->src/main/AndroidManifest.xml:23:9-40
33        <meta-data
34            android:name="plugin-api"
34-->src/main/AndroidManifest.xml:24:20-45
35            android:value="com.atakmap.app@5.5.0.CIV" />
35-->src/main/AndroidManifest.xml:24:46-79
36        <meta-data
36-->src/main/AndroidManifest.xml:25:9-78
37            android:name="app_desc"
37-->src/main/AndroidManifest.xml:25:20-43
38            android:value="@string/app_desc" />
38-->src/main/AndroidManifest.xml:25:44-76
39
40        <provider
40-->src/main/AndroidManifest.xml:29:9-32:20
41            android:name="com.javacodegeeks.android.contentprovidertest.BirthProvider"
41-->src/main/AndroidManifest.xml:29:19-93
42            android:authorities="com.javacodegeeks.provider.Birthday"
42-->src/main/AndroidManifest.xml:30:13-70
43            android:exported="true" >
43-->src/main/AndroidManifest.xml:31:13-36
44        </provider>
45
46        <service
46-->src/main/AndroidManifest.xml:34:9-42:19
47            android:name="com.atakmap.android.helloworld.notification.NotificationService"
47-->src/main/AndroidManifest.xml:35:13-91
48            android:exported="true"
48-->src/main/AndroidManifest.xml:37:13-36
49            android:label="Plugin Notification Service" >
49-->src/main/AndroidManifest.xml:36:13-56
50            <intent-filter>
50-->src/main/AndroidManifest.xml:39:13-41:29
51                <action android:name="com.atakmap.android.helloworld.notification.NotificationService" />
51-->src/main/AndroidManifest.xml:40:17-105
51-->src/main/AndroidManifest.xml:40:25-103
52            </intent-filter>
53        </service>
54        <service
54-->src/main/AndroidManifest.xml:44:9-52:19
55            android:name="com.atakmap.android.helloworld.service.ExampleAidlService"
55-->src/main/AndroidManifest.xml:45:13-85
56            android:exported="true"
56-->src/main/AndroidManifest.xml:47:13-36
57            android:label="Plugin Aidl Service" >
57-->src/main/AndroidManifest.xml:46:13-48
58            <intent-filter>
58-->src/main/AndroidManifest.xml:49:13-51:29
59                <action android:name="com.atakmap.android.helloworld.service.ExampleAidlService" />
59-->src/main/AndroidManifest.xml:50:17-99
59-->src/main/AndroidManifest.xml:50:25-97
60            </intent-filter>
61        </service>
62        <service
62-->src/main/AndroidManifest.xml:54:9-59:19
63            android:name="com.atakmap.android.helloworld.plugin.LocationTrackingService"
63-->src/main/AndroidManifest.xml:55:13-89
64            android:exported="false"
64-->src/main/AndroidManifest.xml:58:13-37
65            android:foregroundServiceType="location"
65-->src/main/AndroidManifest.xml:57:13-53
66            android:label="Location Tracking Service" >
66-->src/main/AndroidManifest.xml:56:13-54
67        </service>
68
69        <activity
69-->src/main/AndroidManifest.xml:61:9-66:20
70            android:name="com.atakmap.android.helloworld.CameraActivity"
70-->src/main/AndroidManifest.xml:62:13-73
71            android:configChanges="orientation"
71-->src/main/AndroidManifest.xml:65:13-48
72            android:exported="true"
72-->src/main/AndroidManifest.xml:64:13-36
73            android:theme="@android:style/Theme.Translucent.NoTitleBar.Fullscreen" >
73-->src/main/AndroidManifest.xml:63:13-83
74        </activity>
75
76        <!--
77        Commented out, functionality absorbed by SpeechToActivity
78        <activity
79            android:name="com.atakmap.android.helloworld.SpeechToTextActivity"
80            android:theme="@style/AppTheme"
81            android:exported="true"
82            android:configChanges="orientation"
83            android:launchMode="singleTop">
84            <intent-filter>
85                <action android:name="com.atakmap.android.helloworld.SpeechToTextActivity"/>
86            </intent-filter>
87        </activity>
88        -->
89        <activity
89-->src/main/AndroidManifest.xml:80:9-89:20
90            android:name="com.atakmap.android.helloworld.speechtotext.SpeechToActivity"
90-->src/main/AndroidManifest.xml:81:13-88
91            android:configChanges="orientation"
91-->src/main/AndroidManifest.xml:84:13-48
92            android:exported="true"
92-->src/main/AndroidManifest.xml:83:13-36
93            android:launchMode="singleTop"
93-->src/main/AndroidManifest.xml:85:13-43
94            android:theme="@style/Theme.Transparent" >
94-->src/main/AndroidManifest.xml:82:13-53
95            <intent-filter>
95-->src/main/AndroidManifest.xml:86:13-88:29
96                <action android:name="com.atakmap.android.helloworld.SpeechToActivity" />
96-->src/main/AndroidManifest.xml:87:17-89
96-->src/main/AndroidManifest.xml:87:25-87
97            </intent-filter>
98        </activity>
99
100        <!-- allow for plugin discovery -->
101        <activity
101-->src/main/AndroidManifest.xml:92:8-98:19
102            android:name="com.atakmap.app.component"
102-->src/main/AndroidManifest.xml:92:18-58
103            android:exported="true" >
103-->src/main/AndroidManifest.xml:93:12-35
104            <intent-filter android:label="@string/app_name" >
104-->src/main/AndroidManifest.xml:95:12-97:28
104-->src/main/AndroidManifest.xml:95:27-59
105                <action android:name="com.atakmap.app.component" />
105-->src/main/AndroidManifest.xml:96:15-66
105-->src/main/AndroidManifest.xml:96:23-63
106            </intent-filter>
107        </activity>
108        <activity
108-->src/main/AndroidManifest.xml:100:9-108:20
109            android:name="com.atakmap.android.helloworld.PluginPermissionActivity"
109-->src/main/AndroidManifest.xml:100:19-89
110            android:exported="true"
110-->src/main/AndroidManifest.xml:101:13-36
111            android:launchMode="singleInstance"
111-->src/main/AndroidManifest.xml:102:13-48
112            android:screenOrientation="behind"
112-->src/main/AndroidManifest.xml:103:13-47
113            android:theme="@style/PermissionTheme" >
113-->src/main/AndroidManifest.xml:104:13-51
114            <intent-filter>
114-->src/main/AndroidManifest.xml:105:13-107:29
115                <action android:name="com.atakmap.android.sip.SipPermissionsActivity" />
115-->src/main/AndroidManifest.xml:106:17-89
115-->src/main/AndroidManifest.xml:106:25-86
116            </intent-filter>
117        </activity>
118    </application>
119
120</manifest>